phone/build/outputs/logs/manifest-merger-debug-report.txt
-- Merging decision tree log ---
manifest
ADDED from src/main/AndroidManifest.xml:2:1-1940:12
	package
		ADDED from src/main/AndroidManifest.xml:4:5-30
		INJECTED from src/main/AndroidManifest.xml
		INJECTED from src/main/AndroidManifest.xml
	android:versionName
		ADDED from src/main/AndroidManifest.xml:6:5-30
		INJECTED from src/main/AndroidManifest.xml
		INJECTED from src/main/AndroidManifest.xml
	xmlns:tools
		ADDED from src/main/AndroidManifest.xml:3:5-51
	android:versionCode
		ADDED from src/main/AndroidManifest.xml:5:5-28
		INJECTED from src/main/AndroidManifest.xml
		INJECTED from src/main/AndroidManifest.xml
	tools:ignore
		ADDED from src/main/AndroidManifest.xml:7:5-52
	xmlns:android
		ADDED from src/main/AndroidManifest.xml:2:11-69
uses-sdk
ADDED from src/main/AndroidManifest.xml:10:5-61
MERGED from [swanwithactstudio:senseandroidlibrary:unspecified] AndroidManifest.xml:5:5-7:41
MERGED from [com.android.support:support-v4:23.3.0] AndroidManifest.xml:20:5-43
MERGED from [com.google.android.gms:play-services-gcm:9.0.2] AndroidManifest.xml:18:5-42
MERGED from [com.google.android.gms:play-services-base:9.0.2] AndroidManifest.xml:18:5-42
MERGED from [com.google.android.gms:play-services-basement:9.0.2] AndroidManifest.xml:18:5-42
MERGED from [com.google.firebase:firebase-common:9.0.2] AndroidManifest.xml:4:5-43
MERGED from [com.google.android.gms:play-services-tasks:9.0.2] AndroidManifest.xml:4:5-43
MERGED from [com.google.android.gms:play-services-iid:9.0.2] AndroidManifest.xml:18:5-42
MERGED from [swanwithactstudio:swancore:unspecified] AndroidManifest.xml:7:5-9:41
MERGED from [com.android.support:appcompat-v7:23.3.0] AndroidManifest.xml:21:5-23:78
MERGED from [com.android.support:support-vector-drawable:23.3.0] AndroidManifest.xml:5:5-43
MERGED from [com.android.support:animated-vector-drawable:23.3.0] AndroidManifest.xml:5:5-44
MERGED from [interdroid.swancore.swanmain:swaninterface:1.0.3] AndroidManifest.xml:7:5-9:41
MERGED from [interdroid.swancore.swansong:swansong:1.0.3] AndroidManifest.xml:7:5-9:41
MERGED from [io.reactivex:rxandroid:1.2.1] AndroidManifest.xml:19:5-43
MERGED from [com.google.android.gms:play-services-ads:9.0.2] AndroidManifest.xml:19:5-42
MERGED from [com.google.android.gms:play-services-ads-lite:9.0.2] AndroidManifest.xml:23:5-42
MERGED from [com.google.android.gms:play-services-identity:9.0.2] AndroidManifest.xml:18:5-42
MERGED from [com.google.android.gms:play-services-wearable:9.0.2] AndroidManifest.xml:18:5-42
MERGED from [org.altbeacon:android-beacon-library:2.8.1] AndroidManifest.xml:7:5-9:41
MERGED from [com.android.support:design:23.1.1] AndroidManifest.xml:20:5-43
MERGED from [com.android.support:recyclerview-v7:23.1.1] AndroidManifest.xml:20:5-43
MERGED from [swanwithactstudio:ttn-android-sdk:unspecified] AndroidManifest.xml:7:5-9:41
MERGED from [net.danlew:android.joda:2.8.2] AndroidManifest.xml:5:5-7:41
MERGED from [com.lsjwzh:materialloadingprogressbar:0.5.8-RELEASE] AndroidManifest.xml:7:5-9:41
MERGED from [com.google.firebase:firebase-messaging:9.0.2] AndroidManifest.xml:18:5-42
MERGED from [com.google.firebase:firebase-iid:9.0.2] AndroidManifest.xml:18:5-42
MERGED from [com.android.support:multidex:1.0.0] AndroidManifest.xml:18:5-42
MERGED from [com.android.volley:volley:1.0.0] AndroidManifest.xml:7:5-43
MERGED from [net.vrallev.android:cat:1.0.5] AndroidManifest.xml:7:5-9:41
MERGED from [com.github.pedrovgs:draggablepanel:1.9] AndroidManifest.xml:7:5-9:41
MERGED from [com.yalantis:pulltorefresh:1.0.0] AndroidManifest.xml:8:5-10:41
MERGED from [com.google.firebase:firebase-core:9.0.2] AndroidManifest.xml:4:5-42
MERGED from [com.google.firebase:firebase-analytics:9.0.2] AndroidManifest.xml:18:5-42
MERGED from [com.google.firebase:firebase-analytics-impl:9.0.2] AndroidManifest.xml:18:5-42
	tools:overrideLibrary
		ADDED from src/main/AndroidManifest.xml:10:15-58
	android:targetSdkVersion
		INJECTED from src/main/AndroidManifest.xml
		INJECTED from src/main/AndroidManifest.xml
	android:minSdkVersion
		INJECTED from src/main/AndroidManifest.xml
		INJECTED from src/main/AndroidManifest.xml
uses-permission#android.permission.ACCESS_FINE_LOCATION
ADDED from src/main/AndroidManifest.xml:12:5-79
	android:name
		ADDED from src/main/AndroidManifest.xml:12:22-76
uses-permission#android.permission.RECORD_AUDIO
ADDED from src/main/AndroidManifest.xml:13:5-71
	android:name
		ADDED from src/main/AndroidManifest.xml:13:22-68
uses-permission#android.permission.ACCESS_WIFI_STATE
ADDED from src/main/AndroidManifest.xml:14:5-76
	android:name
		ADDED from src/main/AndroidManifest.xml:14:22-73
uses-permission#android.permission.CHANGE_WIFI_STATE
ADDED from src/main/AndroidManifest.xml:15:5-76
	android:name
		ADDED from src/main/AndroidManifest.xml:15:22-73
uses-permission#android.permission.READ_PHONE_STATE
ADDED from src/main/AndroidManifest.xml:16:5-75
	android:name
		ADDED from src/main/AndroidManifest.xml:16:22-72
uses-permission#android.permission.BLUETOOTH_ADMIN
ADDED from src/main/AndroidManifest.xml:17:5-74
MERGED from [org.altbeacon:android-beacon-library:2.8.1] AndroidManifest.xml:12:5-74
	android:name
		ADDED from src/main/AndroidManifest.xml:17:22-71
uses-permission#android.permission.BLUETOOTH
ADDED from src/main/AndroidManifest.xml:18:5-68
MERGED from [org.altbeacon:android-beacon-library:2.8.1] AndroidManifest.xml:11:5-68
	android:name
		ADDED from src/main/AndroidManifest.xml:18:22-65
uses-permission#android.permission.BODY_SENSORS
ADDED from src/main/AndroidManifest.xml:19:5-71
	android:name
		ADDED from src/main/AndroidManifest.xml:19:22-68
uses-permission#android.permission.ACCESS_COARSE_LOCATION
ADDED from src/main/AndroidManifest.xml:20:5-81
	android:name
		ADDED from src/main/AndroidManifest.xml:20:22-78
uses-permission#android.permission.ACCESS_NETWORK_STATE
ADDED from src/main/AndroidManifest.xml:22:5-79
MERGED from [com.google.android.gms:play-services-ads-lite:9.0.2] AndroidManifest.xml:21:5-78
MERGED from [com.google.firebase:firebase-iid:9.0.2] AndroidManifest.xml:20:5-79
MERGED from [com.google.firebase:firebase-analytics:9.0.2] AndroidManifest.xml:22:5-79
MERGED from [com.google.firebase:firebase-analytics-impl:9.0.2] AndroidManifest.xml:22:5-79
	android:name
		ADDED from src/main/AndroidManifest.xml:22:22-76
uses-permission#android.permission.INTERNET
ADDED from src/main/AndroidManifest.xml:23:5-67
MERGED from [com.google.android.gms:play-services-gcm:9.0.2] AndroidManifest.xml:22:5-67
MERGED from [com.google.android.gms:play-services-iid:9.0.2] AndroidManifest.xml:22:5-67
MERGED from [com.google.android.gms:play-services-ads-lite:9.0.2] AndroidManifest.xml:20:5-66
MERGED from [swanwithactstudio:ttn-android-sdk:unspecified] AndroidManifest.xml:12:5-67
MERGED from [com.google.firebase:firebase-iid:9.0.2] AndroidManifest.xml:21:5-67
MERGED from [com.google.firebase:firebase-analytics:9.0.2] AndroidManifest.xml:21:5-67
MERGED from [com.google.firebase:firebase-analytics-impl:9.0.2] AndroidManifest.xml:21:5-67
	android:name
		ADDED from src/main/AndroidManifest.xml:23:22-64
uses-permission#android.permission.VIBRATE
ADDED from src/main/AndroidManifest.xml:24:5-66
	android:name
		ADDED from src/main/AndroidManifest.xml:24:22-63
uses-permission#android.permission.CALL_PHONE
ADDED from src/main/AndroidManifest.xml:25:5-69
	android:name
		ADDED from src/main/AndroidManifest.xml:25:22-66
uses-permission#android.permission.READ_LOGS
ADDED from src/main/AndroidManifest.xml:26:5-68
	android:name
		ADDED from src/main/AndroidManifest.xml:26:22-65
uses-permission#android.permission.WRITE_EXTERNAL_STORAGE
ADDED from src/main/AndroidManifest.xml:27:5-81
	android:name
		ADDED from src/main/AndroidManifest.xml:27:22-78
uses-permission#android.permission.READ_EXTERNAL_STORAGE
ADDED from src/main/AndroidManifest.xml:28:5-80
	android:name
		ADDED from src/main/AndroidManifest.xml:28:22-77
uses-permission#android.permission.READ_USER_DICTIONARY
ADDED from src/main/AndroidManifest.xml:29:5-79
	android:name
		ADDED from src/main/AndroidManifest.xml:29:22-76
uses-permission#android.permission.WRITE_USER_DICTIONARY
ADDED from src/main/AndroidManifest.xml:30:5-80
	android:name
		ADDED from src/main/AndroidManifest.xml:30:22-77
uses-permission#android.permission.NFC
ADDED from src/main/AndroidManifest.xml:31:5-62
	android:name
		ADDED from src/main/AndroidManifest.xml:31:22-59
uses-permission#android.permission.WAKE_LOCK
ADDED from src/main/AndroidManifest.xml:32:5-68
MERGED from [com.google.firebase:firebase-iid:9.0.2] AndroidManifest.xml:22:5-68
MERGED from [com.google.firebase:firebase-analytics:9.0.2] AndroidManifest.xml:24:5-67
MERGED from [com.google.firebase:firebase-analytics-impl:9.0.2] AndroidManifest.xml:24:5-67
	android:name
		ADDED from src/main/AndroidManifest.xml:32:22-65
uses-permission#interdroid.vdb.permission.READ_DATABASE
ADDED from src/main/AndroidManifest.xml:33:5-79
	android:name
		ADDED from src/main/AndroidManifest.xml:33:22-76
uses-permission#interdroid.vdb.permission.WRITE_DATABASE
ADDED from src/main/AndroidManifest.xml:34:5-80
	android:name
		ADDED from src/main/AndroidManifest.xml:34:22-77
uses-permission#com.google.android.c2dm.permission.RECEIVE
ADDED from src/main/AndroidManifest.xml:36:5-82
MERGED from [com.google.android.gms:play-services-gcm:9.0.2] AndroidManifest.xml:21:5-82
MERGED from [com.google.android.gms:play-services-iid:9.0.2] AndroidManifest.xml:21:5-82
MERGED from [com.google.firebase:firebase-iid:9.0.2] AndroidManifest.xml:23:5-82
	android:name
		ADDED from src/main/AndroidManifest.xml:36:22-79
uses-permission#android.permission.SEND_SMS
ADDED from src/main/AndroidManifest.xml:40:5-67
	android:name
		ADDED from src/main/AndroidManifest.xml:40:22-64
uses-permission#android.permission.GET_ACCOUNTS
ADDED from src/main/AndroidManifest.xml:41:5-71
	android:name
		ADDED from src/main/AndroidManifest.xml:41:22-68
uses-permission#android.permission.READ_CALENDAR
ADDED from src/main/AndroidManifest.xml:42:5-72
	android:name
		ADDED from src/main/AndroidManifest.xml:42:22-69
uses-permission#android.permission.WRITE_CALENDAR
ADDED from src/main/AndroidManifest.xml:43:5-73
	android:name
		ADDED from src/main/AndroidManifest.xml:43:22-70
uses-permission#android.permission.RECEIVE_BOOT_COMPLETED
ADDED from src/main/AndroidManifest.xml:44:5-81
MERGED from [org.altbeacon:android-beacon-library:2.8.1] AndroidManifest.xml:13:5-81
	android:name
		ADDED from src/main/AndroidManifest.xml:44:22-78
uses-permission#android.permission.BIND_JOB_SERVICE
ADDED from src/main/AndroidManifest.xml:45:5-75
	android:name
		ADDED from src/main/AndroidManifest.xml:45:22-72
uses-feature#android.hardware.camera
ADDED from src/main/AndroidManifest.xml:47:5-49:35
	android:required
		ADDED from src/main/AndroidManifest.xml:49:9-32
	android:name
		ADDED from src/main/AndroidManifest.xml:48:9-47
uses-permission#android.permission.READ_CONTACTS
ADDED from src/main/AndroidManifest.xml:51:5-72
	android:name
		ADDED from src/main/AndroidManifest.xml:51:22-69
uses-permission#android.permission.DISABLE_KEYGUARD
ADDED from src/main/AndroidManifest.xml:52:5-75
	android:name
		ADDED from src/main/AndroidManifest.xml:52:22-72
application
ADDED from src/main/AndroidManifest.xml:57:5-1938:19
MERGED from [com.android.support:support-v4:23.3.0] AndroidManifest.xml:22:5-20
MERGED from [com.google.android.gms:play-services-gcm:9.0.2] AndroidManifest.xml:24:5-20
MERGED from [com.google.android.gms:play-services-base:9.0.2] AndroidManifest.xml:19:5-23:19
MERGED from [com.google.android.gms:play-services-basement:9.0.2] AndroidManifest.xml:20:5-24:19
MERGED from [com.google.firebase:firebase-common:9.0.2] AndroidManifest.xml:5:5-12:19
MERGED from [com.google.android.gms:play-services-tasks:9.0.2] AndroidManifest.xml:5:5-20
MERGED from [com.google.android.gms:play-services-iid:9.0.2] AndroidManifest.xml:24:5-20
MERGED from [swanwithactstudio:swancore:unspecified] AndroidManifest.xml:11:5-15:19
MERGED from [com.android.support:appcompat-v7:23.3.0] AndroidManifest.xml:25:5-20
MERGED from [com.android.support:support-vector-drawable:23.3.0] AndroidManifest.xml:7:5-20
MERGED from [com.android.support:animated-vector-drawable:23.3.0] AndroidManifest.xml:7:5-20
MERGED from [interdroid.swancore.swanmain:swaninterface:1.0.3] AndroidManifest.xml:11:5-15:19
MERGED from [interdroid.swancore.swansong:swansong:1.0.3] AndroidManifest.xml:11:5-15:19
MERGED from [com.google.android.gms:play-services-ads-lite:9.0.2] AndroidManifest.xml:24:5-32:19
MERGED from [com.google.android.gms:play-services-identity:9.0.2] AndroidManifest.xml:19:5-20
MERGED from [com.google.android.gms:play-services-wearable:9.0.2] AndroidManifest.xml:19:5-20
MERGED from [org.altbeacon:android-beacon-library:2.8.1] AndroidManifest.xml:17:5-36:19
MERGED from [com.android.support:design:23.1.1] AndroidManifest.xml:22:5-20
MERGED from [swanwithactstudio:ttn-android-sdk:unspecified] AndroidManifest.xml:14:5-17:38
MERGED from [net.danlew:android.joda:2.8.2] AndroidManifest.xml:9:5-20
MERGED from [com.lsjwzh:materialloadingprogressbar:0.5.8-RELEASE] AndroidManifest.xml:11:5-12:19
MERGED from [com.google.firebase:firebase-messaging:9.0.2] AndroidManifest.xml:20:5-32:19
MERGED from [com.google.firebase:firebase-iid:9.0.2] AndroidManifest.xml:30:5-59:19
MERGED from [com.android.volley:volley:1.0.0] AndroidManifest.xml:9:5-20
MERGED from [com.google.firebase:firebase-core:9.0.2] AndroidManifest.xml:5:5-20
MERGED from [com.google.firebase:firebase-analytics:9.0.2] AndroidManifest.xml:26:5-41:19
MERGED from [com.google.firebase:firebase-analytics-impl:9.0.2] AndroidManifest.xml:26:5-41:19
	android:label
		ADDED from src/main/AndroidManifest.xml:61:9-46
		REJECTED from [swanwithactstudio:swancore:unspecified] AndroidManifest.xml:13:9-41
		REJECTED from [interdroid.swancore.swanmain:swaninterface:1.0.3] AndroidManifest.xml:13:9-41
		REJECTED from [interdroid.swancore.swansong:swansong:1.0.3] AndroidManifest.xml:13:9-41
		REJECTED from [swanwithactstudio:ttn-android-sdk:unspecified] AndroidManifest.xml:16:9-41
	android:supportsRtl
		ADDED from [swanwithactstudio:swancore:unspecified] AndroidManifest.xml:14:9-35
	android:fullBackupContent
		ADDED from src/main/AndroidManifest.xml:59:9-55
	android:allowBackup
		ADDED from src/main/AndroidManifest.xml:58:9-35
	android:icon
		ADDED from src/main/AndroidManifest.xml:60:9-50
	android:largeHeap
		ADDED from src/main/AndroidManifest.xml:62:9-33
	tools:replace
		ADDED from src/main/AndroidManifest.xml:63:9-30
meta-data#com.google.android.gms.version
ADDED from src/main/AndroidManifest.xml:64:9-66:69
MERGED from [com.google.android.gms:play-services-basement:9.0.2] AndroidManifest.xml:21:9-23:69
	android:value
		ADDED from src/main/AndroidManifest.xml:66:13-66
	android:name
		ADDED from src/main/AndroidManifest.xml:65:13-58
meta-data#com.google.android.geo.API_KEY
ADDED from src/main/AndroidManifest.xml:81:9-83:55
	android:value
		ADDED from src/main/AndroidManifest.xml:83:13-52
	android:name
		ADDED from src/main/AndroidManifest.xml:82:13-58
receiver#interdroid.swan.crossdevice.CrossDeviceReceiver
ADDED from src/main/AndroidManifest.xml:86:9-94:20
	android:permission
		ADDED from src/main/AndroidManifest.xml:88:13-73
	android:name
		ADDED from src/main/AndroidManifest.xml:87:13-60
intent-filter#com.google.android.c2dm.intent.RECEIVE+interdroid.swan
ADDED from src/main/AndroidManifest.xml:89:13-93:29
action#com.google.android.c2dm.intent.RECEIVE
ADDED from src/main/AndroidManifest.xml:90:17-81
	android:name
		ADDED from src/main/AndroidManifest.xml:90:25-78
category#interdroid.swan
ADDED from src/main/AndroidManifest.xml:92:17-60
	android:name
		ADDED from src/main/AndroidManifest.xml:92:27-57
receiver#interdroid.swancore.crossdevice.Registry$Receiver
ADDED from src/main/AndroidManifest.xml:95:9-99:20
	android:name
		ADDED from src/main/AndroidManifest.xml:95:19-83
intent-filter#interdroid.swan.GET_NAMES
ADDED from src/main/AndroidManifest.xml:96:13-98:29
action#interdroid.swan.GET_NAMES
ADDED from src/main/AndroidManifest.xml:97:17-68
	android:name
		ADDED from src/main/AndroidManifest.xml:97:25-65
activity#interdroid.swan.crossdevice.SwanLakeActivity
ADDED from src/main/AndroidManifest.xml:101:9-118:20
	android:screenOrientation
		ADDED from src/main/AndroidManifest.xml:105:13-49
	android:label
		ADDED from src/main/AndroidManifest.xml:104:13-60
	android:icon
		ADDED from src/main/AndroidManifest.xml:103:13-54
	android:name
		ADDED from src/main/AndroidManifest.xml:102:13-57
intent-filter#android.intent.action.MAIN+android.intent.category.LAUNCHER
ADDED from src/main/AndroidManifest.xml:106:13-110:29
action#android.intent.action.MAIN
ADDED from src/main/AndroidManifest.xml:107:17-69
	android:name
		ADDED from src/main/AndroidManifest.xml:107:25-66
category#android.intent.category.LAUNCHER
ADDED from src/main/AndroidManifest.xml:109:17-77
	android:name
		ADDED from src/main/AndroidManifest.xml:109:27-74
intent-filter#android.intent.category.DEFAULT+android.nfc.action.NDEF_DISCOVERED
ADDED from src/main/AndroidManifest.xml:111:13-117:29
action#android.nfc.action.NDEF_DISCOVERED
ADDED from src/main/AndroidManifest.xml:112:17-77
	android:name
		ADDED from src/main/AndroidManifest.xml:112:25-74
category#android.intent.category.DEFAULT
ADDED from src/main/AndroidManifest.xml:114:17-76
	android:name
		ADDED from src/main/AndroidManifest.xml:114:27-73
data
ADDED from src/main/AndroidManifest.xml:116:17-47
	android:scheme
		ADDED from src/main/AndroidManifest.xml:116:23-44
activity#interdroid.swan.crossdevice.SwanLakePlusActivity
ADDED from src/main/AndroidManifest.xml:119:9-138:20
	android:screenOrientation
		ADDED from src/main/AndroidManifest.xml:122:13-49
	android:label
		ADDED from src/main/AndroidManifest.xml:121:13-38
	android:name
		ADDED from src/main/AndroidManifest.xml:120:13-61
activity#interdroid.swan.crossdevice.TestActivity
ADDED from src/main/AndroidManifest.xml:139:9-156:20
	android:screenOrientation
		ADDED from src/main/AndroidManifest.xml:143:13-49
	android:label
		ADDED from src/main/AndroidManifest.xml:142:13-43
	android:icon
		ADDED from src/main/AndroidManifest.xml:141:13-54
	android:name
		ADDED from src/main/AndroidManifest.xml:140:13-53
activity#interdroid.swan.remote.cloud.CloudTestActivity
ADDED from src/main/AndroidManifest.xml:157:9-167:20
	android:screenOrientation
		ADDED from src/main/AndroidManifest.xml:161:13-49
	android:label
		ADDED from src/main/AndroidManifest.xml:160:13-44
	android:icon
		ADDED from src/main/AndroidManifest.xml:159:13-54
	android:name
		ADDED from src/main/AndroidManifest.xml:158:13-59
activity#interdroid.swan.actuators.ActuatorsActivity
ADDED from src/main/AndroidManifest.xml:168:9-178:20
	android:screenOrientation
		ADDED from src/main/AndroidManifest.xml:172:13-49
	android:label
		ADDED from src/main/AndroidManifest.xml:171:13-42
	android:icon
		ADDED from src/main/AndroidManifest.xml:170:13-54
	android:name
		ADDED from src/main/AndroidManifest.xml:169:13-56
activity#interdroid.sense.LoginActivity
ADDED from src/main/AndroidManifest.xml:179:9-183:52
	android:screenOrientation
		ADDED from src/main/AndroidManifest.xml:183:13-49
	android:label
		ADDED from src/main/AndroidManifest.xml:182:13-57
	android:icon
		ADDED from src/main/AndroidManifest.xml:181:13-54
	android:name
		ADDED from src/main/AndroidManifest.xml:180:13-58
activity#interdroid.sense.RegistrationActivity
ADDED from src/main/AndroidManifest.xml:184:9-188:52
	android:screenOrientation
		ADDED from src/main/AndroidManifest.xml:188:13-49
	android:label
		ADDED from src/main/AndroidManifest.xml:187:13-60
	android:icon
		ADDED from src/main/AndroidManifest.xml:186:13-54
	android:name
		ADDED from src/main/AndroidManifest.xml:185:13-65
activity#interdroid.sense.SettingsActivity
ADDED from src/main/AndroidManifest.xml:189:9-192:52
	android:screenOrientation
		ADDED from src/main/AndroidManifest.xml:192:13-49
	android:label
		ADDED from src/main/AndroidManifest.xml:191:13-43
	android:name
		ADDED from src/main/AndroidManifest.xml:190:13-61
activity#interdroid.swan.ttn.TtnActivity
ADDED from src/main/AndroidManifest.xml:193:9-203:20
	android:label
		ADDED from src/main/AndroidManifest.xml:195:13-45
	android:windowSoftInputMode
		ADDED from src/main/AndroidManifest.xml:197:13-54
	android:theme
		ADDED from src/main/AndroidManifest.xml:196:13-56
	android:name
		ADDED from src/main/AndroidManifest.xml:194:13-44
receiver#interdroid.swan.engine.EvaluationEngineReceiver
ADDED from src/main/AndroidManifest.xml:206:9-217:20
	android:exported
		ADDED from src/main/AndroidManifest.xml:208:13-36
	android:name
		ADDED from src/main/AndroidManifest.xml:207:13-60
intent-filter#android.intent.action.BOOT_COMPLETED+android.intent.category.DEFAULT+interdroid.swan.NOTIFY+interdroid.swan.REGISTER+interdroid.swan.UNREGISTER
ADDED from src/main/AndroidManifest.xml:209:13-216:29
action#android.intent.action.BOOT_COMPLETED
ADDED from src/main/AndroidManifest.xml:210:17-79
	android:name
		ADDED from src/main/AndroidManifest.xml:210:25-76
action#interdroid.swan.REGISTER
ADDED from src/main/AndroidManifest.xml:211:17-67
	android:name
		ADDED from src/main/AndroidManifest.xml:211:25-64
action#interdroid.swan.UNREGISTER
ADDED from src/main/AndroidManifest.xml:212:17-69
	android:name
		ADDED from src/main/AndroidManifest.xml:212:25-66
action#interdroid.swan.NOTIFY
ADDED from src/main/AndroidManifest.xml:213:17-65
	android:name
		ADDED from src/main/AndroidManifest.xml:213:25-62
service#interdroid.swan.remote.cloud.FirebaseMessageService
ADDED from src/main/AndroidManifest.xml:219:9-223:19
	android:name
		ADDED from src/main/AndroidManifest.xml:219:18-69
intent-filter#com.google.firebase.MESSAGING_EVENT
ADDED from src/main/AndroidManifest.xml:220:13-222:29
action#com.google.firebase.MESSAGING_EVENT
ADDED from src/main/AndroidManifest.xml:221:17-78
	android:name
		ADDED from src/main/AndroidManifest.xml:221:25-75
service#interdroid.swan.remote.cloud.FirebaseTokenService
ADDED from src/main/AndroidManifest.xml:224:9-228:19
	android:name
		ADDED from src/main/AndroidManifest.xml:224:18-67
intent-filter#com.google.firebase.INSTANCE_ID_EVENT
ADDED from src/main/AndroidManifest.xml:225:13-227:29
action#com.google.firebase.INSTANCE_ID_EVENT
ADDED from src/main/AndroidManifest.xml:226:17-80
	android:name
		ADDED from src/main/AndroidManifest.xml:226:25-77
service#interdroid.swan.engine.EvaluationEngineService
ADDED from src/main/AndroidManifest.xml:229:9-231:40
	android:exported
		ADDED from src/main/AndroidManifest.xml:231:13-37
	android:name
		ADDED from src/main/AndroidManifest.xml:230:13-59
activity#interdroid.swan.engine.ExpressionViewerActivity
ADDED from src/main/AndroidManifest.xml:233:9-238:47
	android:label
		ADDED from src/main/AndroidManifest.xml:237:13-59
	android:launchMode
		ADDED from src/main/AndroidManifest.xml:238:13-44
	android:exported
		ADDED from src/main/AndroidManifest.xml:235:13-37
	android:icon
		ADDED from src/main/AndroidManifest.xml:236:13-54
	android:name
		ADDED from src/main/AndroidManifest.xml:234:13-60
activity#interdroid.swan.engine.SensorViewerActivity
ADDED from src/main/AndroidManifest.xml:239:9-244:47
	android:label
		ADDED from src/main/AndroidManifest.xml:243:13-55
	android:launchMode
		ADDED from src/main/AndroidManifest.xml:244:13-44
	android:exported
		ADDED from src/main/AndroidManifest.xml:241:13-37
	android:icon
		ADDED from src/main/AndroidManifest.xml:242:13-54
	android:name
		ADDED from src/main/AndroidManifest.xml:240:13-56
activity#interdroid.swan.ui.ExpressionBuilderActivity
ADDED from src/main/AndroidManifest.xml:248:9-257:20
	android:screenOrientation
		ADDED from src/main/AndroidManifest.xml:251:13-49
	android:label
		ADDED from src/main/AndroidManifest.xml:250:13-47
	android:name
		ADDED from src/main/AndroidManifest.xml:249:13-57
intent-filter#android.intent.category.DEFAULT+interdroid.swan.ui.BUILD_EXPRESSION
ADDED from src/main/AndroidManifest.xml:252:13-256:29
action#interdroid.swan.ui.BUILD_EXPRESSION
ADDED from src/main/AndroidManifest.xml:253:17-78
	android:name
		ADDED from src/main/AndroidManifest.xml:253:25-75
activity#interdroid.swan.ui.NewExpressionDialog
ADDED from src/main/AndroidManifest.xml:258:9-263:59
	android:screenOrientation
		ADDED from src/main/AndroidManifest.xml:262:13-49
	android:label
		ADDED from src/main/AndroidManifest.xml:261:13-43
	android:excludeFromRecents
		ADDED from src/main/AndroidManifest.xml:260:13-46
	android:theme
		ADDED from src/main/AndroidManifest.xml:263:13-56
	android:name
		ADDED from src/main/AndroidManifest.xml:259:13-51
activity#interdroid.swan.ui.SelectTypedValueDialog
ADDED from src/main/AndroidManifest.xml:264:9-269:59
	android:screenOrientation
		ADDED from src/main/AndroidManifest.xml:268:13-49
	android:label
		ADDED from src/main/AndroidManifest.xml:267:13-46
	android:excludeFromRecents
		ADDED from src/main/AndroidManifest.xml:266:13-46
	android:theme
		ADDED from src/main/AndroidManifest.xml:269:13-56
	android:name
		ADDED from src/main/AndroidManifest.xml:265:13-54
activity#interdroid.swan.ui.SelectComparatorDialog
ADDED from src/main/AndroidManifest.xml:270:9-275:59
	android:screenOrientation
		ADDED from src/main/AndroidManifest.xml:274:13-49
	android:label
		ADDED from src/main/AndroidManifest.xml:273:13-46
	android:excludeFromRecents
		ADDED from src/main/AndroidManifest.xml:272:13-46
	android:theme
		ADDED from src/main/AndroidManifest.xml:275:13-56
	android:name
		ADDED from src/main/AndroidManifest.xml:271:13-54
activity#interdroid.swan.ui.EnterConstantDialog
ADDED from src/main/AndroidManifest.xml:276:9-281:59
	android:screenOrientation
		ADDED from src/main/AndroidManifest.xml:280:13-49
	android:label
		ADDED from src/main/AndroidManifest.xml:279:13-43
	android:excludeFromRecents
		ADDED from src/main/AndroidManifest.xml:278:13-46
	android:theme
		ADDED from src/main/AndroidManifest.xml:281:13-56
	android:name
		ADDED from src/main/AndroidManifest.xml:277:13-51
activity#interdroid.swan.ui.SelectSensorDialog
ADDED from src/main/AndroidManifest.xml:282:9-287:59
	android:screenOrientation
		ADDED from src/main/AndroidManifest.xml:286:13-49
	android:label
		ADDED from src/main/AndroidManifest.xml:285:13-42
	android:excludeFromRecents
		ADDED from src/main/AndroidManifest.xml:284:13-46
	android:theme
		ADDED from src/main/AndroidManifest.xml:287:13-56
	android:name
		ADDED from src/main/AndroidManifest.xml:283:13-50
activity#interdroid.swan.ui.SelectExpressionDialog
ADDED from src/main/AndroidManifest.xml:288:9-293:59
	android:screenOrientation
		ADDED from src/main/AndroidManifest.xml:292:13-49
	android:label
		ADDED from src/main/AndroidManifest.xml:291:13-46
	android:excludeFromRecents
		ADDED from src/main/AndroidManifest.xml:290:13-46
	android:theme
		ADDED from src/main/AndroidManifest.xml:293:13-56
	android:name
		ADDED from src/main/AndroidManifest.xml:289:13-54
activity#interdroid.swan.ui.MergeExpressionDialog
ADDED from src/main/AndroidManifest.xml:294:9-299:59
	android:screenOrientation
		ADDED from src/main/AndroidManifest.xml:298:13-49
	android:label
		ADDED from src/main/AndroidManifest.xml:297:13-46
	android:excludeFromRecents
		ADDED from src/main/AndroidManifest.xml:296:13-46
	android:theme
		ADDED from src/main/AndroidManifest.xml:299:13-56
	android:name
		ADDED from src/main/AndroidManifest.xml:295:13-53
activity#interdroid.swan.ui.NewMathExpressionDialog
ADDED from src/main/AndroidManifest.xml:300:9-305:59
	android:screenOrientation
		ADDED from src/main/AndroidManifest.xml:304:13-49
	android:label
		ADDED from src/main/AndroidManifest.xml:303:13-53
	android:excludeFromRecents
		ADDED from src/main/AndroidManifest.xml:302:13-46
	android:theme
		ADDED from src/main/AndroidManifest.xml:305:13-56
	android:name
		ADDED from src/main/AndroidManifest.xml:301:13-55
activity#interdroid.swan.ui.SelectOperatorDialog
ADDED from src/main/AndroidManifest.xml:306:9-311:59
	android:screenOrientation
		ADDED from src/main/AndroidManifest.xml:310:13-49
	android:label
		ADDED from src/main/AndroidManifest.xml:309:13-44
	android:excludeFromRecents
		ADDED from src/main/AndroidManifest.xml:308:13-46
	android:theme
		ADDED from src/main/AndroidManifest.xml:311:13-56
	android:name
		ADDED from src/main/AndroidManifest.xml:307:13-52
activity#interdroid.swancore.sensors.AbstractConfigurationActivity
ADDED from src/main/AndroidManifest.xml:314:9-324:20
	android:exported
		ADDED from src/main/AndroidManifest.xml:316:13-36
	android:name
		ADDED from src/main/AndroidManifest.xml:315:13-85
intent-filter#interdroid.swan.DEFAULT_PREFERENCES
ADDED from src/main/AndroidManifest.xml:317:13-319:29
action#interdroid.swan.DEFAULT_PREFERENCES
ADDED from src/main/AndroidManifest.xml:318:17-78
	android:name
		ADDED from src/main/AndroidManifest.xml:318:25-75
meta-data#android.preference
ADDED from src/main/AndroidManifest.xml:321:13-323:63
	android:resource
		ADDED from src/main/AndroidManifest.xml:323:17-60
	android:name
		ADDED from src/main/AndroidManifest.xml:322:17-50
activity#interdroid.swan.sensors.impl.SmartLocationSensor$ConfigurationActivity
ADDED from src/main/AndroidManifest.xml:325:9-360:20
	android:exported
		ADDED from src/main/AndroidManifest.xml:327:13-36
	android:icon
		ADDED from src/main/AndroidManifest.xml:328:13-57
	android:name
		ADDED from src/main/AndroidManifest.xml:326:13-83
intent-filter#interdroid.swan.sensor.DISCOVER
ADDED from src/main/AndroidManifest.xml:329:13-331:29
action#interdroid.swan.sensor.DISCOVER
ADDED from src/main/AndroidManifest.xml:330:17-74
	android:name
		ADDED from src/main/AndroidManifest.xml:330:25-71
meta-data#entityId
ADDED from src/main/AndroidManifest.xml:333:13-335:50
	android:value
		ADDED from src/main/AndroidManifest.xml:335:17-47
	android:name
		ADDED from src/main/AndroidManifest.xml:334:17-40
meta-data#valuePaths
ADDED from src/main/AndroidManifest.xml:336:13-338:51
	android:value
		ADDED from src/main/AndroidManifest.xml:338:17-48
	android:name